CRITICAL - 2024-11-18 00:02:01 --> syntax error, unexpected '='
#0 C:\Users\darre\Downloads\apotek\CodeIgniter4-4.1.9\system\Router\Router.php(175): CodeIgniter\Router\Router->autoRoute('home/barang')
#1 C:\Users\darre\Downloads\apotek\CodeIgniter4-4.1.9\system\CodeIgniter.php(726): CodeIgniter\Router\Router->handle('home/barang')
#2 C:\Users\darre\Downloads\apotek\CodeIgniter4-4.1.9\system\CodeIgniter.php(368): CodeIgniter\CodeIgniter->tryToRouteIt(Object(CodeIgniter\Router\RouteCollection))
#3 C:\Users\darre\Downloads\apotek\CodeIgniter4-4.1.9\system\CodeIgniter.php(326): CodeIgniter\CodeIgniter->handleRequest(NULL, Object(Config\Cache), false)
#4 C:\Users\darre\Downloads\apotek\CodeIgniter4-4.1.9\public\index.php(37): CodeIgniter\CodeIgniter->run()
#5 C:\Users\darre\Downloads\apotek\CodeIgniter4-4.1.9\system\Commands\Server\rewrite.php(43): require_once('C:\\Users\\darre\\...')
#6 {main}
CRITICAL - 2024-11-18 18:58:21 --> Invalid file: tambahbm.php
#0 C:\Users\darre\Downloads\apotek\CodeIgniter4-4.1.9\system\View\View.php(198): CodeIgniter\Exceptions\FrameworkException::forInvalidFile('tambahbm.php')
#1 C:\Users\darre\Downloads\apotek\CodeIgniter4-4.1.9\system\Common.php(1089): CodeIgniter\View\View->render('tambahbm', Array, true)
#2 C:\Users\darre\Downloads\apotek\CodeIgniter4-4.1.9\app\Controllers\Home.php(180): view('tambahbm', Array)
#3 C:\Users\darre\Downloads\apotek\CodeIgniter4-4.1.9\system\CodeIgniter.php(832): App\Controllers\Home->tbm()
#4 C:\Users\darre\Downloads\apotek\CodeIgniter4-4.1.9\system\CodeIgniter.php(419): CodeIgniter\CodeIgniter->runController(Object(App\Controllers\Home))
#5 C:\Users\darre\Downloads\apotek\CodeIgniter4-4.1.9\system\CodeIgniter.php(326): CodeIgniter\CodeIgniter->handleRequest(NULL, Object(Config\Cache), false)
#6 C:\Users\darre\Downloads\apotek\CodeIgniter4-4.1.9\public\index.php(37): CodeIgniter\CodeIgniter->run()
#7 C:\Users\darre\Downloads\apotek\CodeIgniter4-4.1.9\system\Commands\Server\rewrite.php(43): require_once('C:\\Users\\darre\\...')
#8 {main}
ERROR - 2024-11-18 19:02:26 --> Unknown column 'tanggal' in 'field list'
ERROR - 2024-11-18 19:14:51 --> Unknown column 'tanggal' in 'field list'
ERROR - 2024-11-18 19:26:59 --> Unknown column 'tanggal' in 'field list'
ERROR - 2024-11-18 19:27:52 --> Unknown column 'tanggal' in 'field list'
ERROR - 2024-11-18 19:29:19 --> Unknown column 'tanggal' in 'field list'
ERROR - 2024-11-18 19:39:44 --> Unknown column 'tanggal' in 'field list'
